
ROM used:   2408/32768 (7%)
            2408/32768 (7%) including unused fragments

            2.5 Average locations per line
            44.6 Average locations per statement

RAM used:   35/2048 (2%) at main() level
            61/2048 (3%) worst case

Stack used: 2 worst case (0 in main + 2 for interrupts)
Stack size: 31

Lines Stmts  %   Files
----- ----- ---  -----
  130    54 100  Atividade_multimetro_digital.c
  837     0   0  ..\..\..\..\..\..\..\Program Files (x86)\PICC\Devices\18F4550.h
----- -----
  967    54 Total

Page ROM  %  RAM   Vol Diff  Functions:
---- --- --- ---   --- ----  ----------
0    804  17    4  2306  8.7  multimetro
0     54   1    2   351  7.0  @ITOF
0    348   7   14   371  8.2  @DIVFF
0    242   5   11   231  6.6  @MULFF
0     56   1    4   231  6.6  @SFTOI
0    618  13   16   343  8.6  @ADDFF
0     34   1    0   370  6.7  @goto10697
0    106   2    0   209  2.3  MAIN
 Inline         0   153  4.7  @cinit1

Program metrics:
    Functions               9
    Statements              54
    Comments                192
    Volume (V)              6607
    Difficulty (D)          60.9
    Effort to implement (E) 402486
    Time to implement (T)   6 hours, 13 minutes
    Est Delivered Bugs (B)  2
    Cyclomatic Complexity   20
    Maintainability (MI)    145

 Segment     Used  Free
-----------  ----  ----
00000-00002     4  0  
00004-00006     0  4  
00008-00094   142  0  
00096-07FFE  2262  30356  



